<?xml version="1.0" encoding="UTF-8"?>
<testsuite name="inge2.dataflow.TallerTest" tests="7" skipped="0" failures="0" errors="0" timestamp="2024-09-02T22:12:56" hostname="pc58" time="0.53">
  <properties/>
  <testcase name="testTarget1()" classname="inge2.dataflow.TallerTest" time="0.277"/>
  <testcase name="testTarget2()" classname="inge2.dataflow.TallerTest" time="0.059"/>
  <testcase name="testTarget3()" classname="inge2.dataflow.TallerTest" time="0.052"/>
  <testcase name="testTarget4()" classname="inge2.dataflow.TallerTest" time="0.045"/>
  <testcase name="testTarget5()" classname="inge2.dataflow.TallerTest" time="0.043"/>
  <testcase name="testTarget6()" classname="inge2.dataflow.TallerTest" time="0.05"/>
  <testcase name="testUnionPTG()" classname="inge2.dataflow.TallerTest" time="0.001"/>
  <system-out><![CDATA[Soot started on Mon Sep 02 19:12:56 ART 2024
Soot finished on Mon Sep 02 19:12:56 ART 2024
Soot has run for 0 min. 0 sec.
Soot started on Mon Sep 02 19:12:56 ART 2024
Soot finished on Mon Sep 02 19:12:56 ART 2024
Soot has run for 0 min. 0 sec.
Soot started on Mon Sep 02 19:12:56 ART 2024
Soot finished on Mon Sep 02 19:12:56 ART 2024
Soot has run for 0 min. 0 sec.
Soot started on Mon Sep 02 19:12:56 ART 2024
Soot finished on Mon Sep 02 19:12:56 ART 2024
Soot has run for 0 min. 0 sec.
Soot started on Mon Sep 02 19:12:56 ART 2024
Soot finished on Mon Sep 02 19:12:56 ART 2024
Soot has run for 0 min. 0 sec.
Soot started on Mon Sep 02 19:12:56 ART 2024
Soot finished on Mon Sep 02 19:12:56 ART 2024
Soot has run for 0 min. 0 sec.
]]></system-out>
  <system-err><![CDATA[]]></system-err>
</testsuite>
